[debug] [2022-07-21T10:43:36.137Z] ----------------------------------------------------------------------
[debug] [2022-07-21T10:43:36.139Z] Command:       /usr/local/bin/node /usr/local/bin/firebase deploy
[debug] [2022-07-21T10:43:36.140Z] CLI Version:   10.7.1
[debug] [2022-07-21T10:43:36.140Z] Platform:      darwin
[debug] [2022-07-21T10:43:36.140Z] Node Version:  v14.17.0
[debug] [2022-07-21T10:43:36.147Z] Time:          Thu Jul 21 2022 13:43:36 GMT+0300 (Eastern European Summer Time)
[debug] [2022-07-21T10:43:36.148Z] ----------------------------------------------------------------------
[debug] 
[debug] [2022-07-21T10:43:36.152Z] >>> [apiv2][query] GET https://firebase-public.firebaseio.com/cli.json [none]
[debug] [2022-07-21T10:43:36.259Z] > command requires scopes: ["email","openid","https://www.googleapis.com/auth/cloudplatformprojects.readonly","https://www.googleapis.com/auth/firebase","https://www.googleapis.com/auth/cloud-platform"]
[debug] [2022-07-21T10:43:36.260Z] > authorizing via signed-in user (tvruiz3@gmail.com)
[debug] [2022-07-21T10:43:36.260Z] [iam] checking project beit-midrash for permissions ["firebase.projects.get","firebasehosting.sites.update"]
[debug] [2022-07-21T10:43:36.261Z] > refreshing access token with scopes: []
[debug] [2022-07-21T10:43:36.262Z] >>> HTTP REQUEST POST https://www.googleapis.com/oauth2/v3/token  
 <request body omitted>
[debug] [2022-07-21T10:43:36.576Z] <<< HTTP RESPONSE 200 {"date":"Thu, 21 Jul 2022 10:43:36 GMT","cache-control":"no-cache, no-store, max-age=0, must-revalidate","expires":"Mon, 01 Jan 1990 00:00:00 GMT","pragma":"no-cache","content-type":"application/json; charset=utf-8","vary":"X-Origin, Referer, Origin,Accept-Encoding","server":"scaffolding on HTTPServer2","x-xss-protection":"0","x-frame-options":"SAMEORIGIN","x-content-type-options":"nosniff","alt-svc":"h3=\":443\"; ma=2592000,h3-29=\":443\"; ma=2592000,h3-Q050=\":443\"; ma=2592000,h3-Q046=\":443\"; ma=2592000,h3-Q043=\":443\"; ma=2592000,quic=\":443\"; ma=2592000; v=\"46,43\"","accept-ranges":"none","transfer-encoding":"chunked"}
[debug] [2022-07-21T10:43:36.625Z] >>> [apiv2][query] POST https://cloudresourcemanager.googleapis.com/v1/projects/beit-midrash:testIamPermissions [none]
[debug] [2022-07-21T10:43:36.625Z] >>> [apiv2][body] POST https://cloudresourcemanager.googleapis.com/v1/projects/beit-midrash:testIamPermissions {"permissions":["firebase.projects.get","firebasehosting.sites.update"]}
[debug] [2022-07-21T10:43:36.731Z] <<< [apiv2][status] GET https://firebase-public.firebaseio.com/cli.json 200
[debug] [2022-07-21T10:43:36.731Z] <<< [apiv2][body] GET https://firebase-public.firebaseio.com/cli.json {"cloudBuildErrorAfter":1594252800000,"cloudBuildWarnAfter":1590019200000,"defaultNode10After":1594252800000,"minVersion":"3.0.5","node8DeploysDisabledAfter":1613390400000,"node8RuntimeDisabledAfter":1615809600000,"node8WarnAfter":1600128000000}
[debug] [2022-07-21T10:43:37.116Z] <<< [apiv2][status] POST https://cloudresourcemanager.googleapis.com/v1/projects/beit-midrash:testIamPermissions 200
[debug] [2022-07-21T10:43:37.117Z] <<< [apiv2][body] POST https://cloudresourcemanager.googleapis.com/v1/projects/beit-midrash:testIamPermissions {"permissions":["firebase.projects.get","firebasehosting.sites.update"]}
[debug] [2022-07-21T10:43:37.118Z] >>> [apiv2][query] GET https://firebase.googleapis.com/v1beta1/projects/beit-midrash [none]
[debug] [2022-07-21T10:43:37.537Z] <<< [apiv2][status] GET https://firebase.googleapis.com/v1beta1/projects/beit-midrash 200
[debug] [2022-07-21T10:43:37.537Z] <<< [apiv2][body] GET https://firebase.googleapis.com/v1beta1/projects/beit-midrash {"projectId":"beit-midrash","projectNumber":"987136111898","displayName":"beit-midrash","name":"projects/beit-midrash","resources":{"hostingSite":"beit-midrash","realtimeDatabaseInstance":"beit-midrash-default-rtdb","storageBucket":"beit-midrash.appspot.com","locationId":"europe-west"},"state":"ACTIVE"}
[info] 
[info] === Deploying to 'beit-midrash'...
[info] 
[info] i  deploying hosting 
[debug] [2022-07-21T10:43:37.540Z] >>> [apiv2][query] GET https://firebase.googleapis.com/v1beta1/projects/beit-midrash [none]
[debug] [2022-07-21T10:43:37.946Z] <<< [apiv2][status] GET https://firebase.googleapis.com/v1beta1/projects/beit-midrash 200
[debug] [2022-07-21T10:43:37.946Z] <<< [apiv2][body] GET https://firebase.googleapis.com/v1beta1/projects/beit-midrash {"projectId":"beit-midrash","projectNumber":"987136111898","displayName":"beit-midrash","name":"projects/beit-midrash","resources":{"hostingSite":"beit-midrash","realtimeDatabaseInstance":"beit-midrash-default-rtdb","storageBucket":"beit-midrash.appspot.com","locationId":"europe-west"},"state":"ACTIVE"}
[debug] [2022-07-21T10:43:37.949Z] >>> [apiv2][query] POST https://firebasehosting.googleapis.com/v1beta1/projects/987136111898/sites/beit-midrash/versions [none]
[debug] [2022-07-21T10:43:37.949Z] >>> [apiv2][body] POST https://firebasehosting.googleapis.com/v1beta1/projects/987136111898/sites/beit-midrash/versions {"config":{"rewrites":[{"glob":"**","path":"/index.html"}]},"labels":{"deployment-tool":"cli-firebase"}}
[debug] [2022-07-21T10:43:39.535Z] <<< [apiv2][status] POST https://firebasehosting.googleapis.com/v1beta1/projects/987136111898/sites/beit-midrash/versions 200
[debug] [2022-07-21T10:43:39.535Z] <<< [apiv2][body] POST https://firebasehosting.googleapis.com/v1beta1/projects/987136111898/sites/beit-midrash/versions {"name":"projects/987136111898/sites/beit-midrash/versions/15dee0e7a47e1b3e","status":"CREATED","config":{"rewrites":[{"glob":"**","path":"/index.html"}]},"labels":{"deployment-tool":"cli-firebase"}}
[info] i  hosting[beit-midrash]: beginning deploy... 
[info] i  hosting[beit-midrash]: found 44 files in dist/beit-midrash 
[debug] [2022-07-21T10:43:39.551Z] [hosting] uploading with 200 concurrency
[debug] [2022-07-21T10:43:39.658Z] [hosting] hash cache [ZGlzdC9iZWl0LW1pZHJhc2g] stored for 44 files
[debug] [2022-07-21T10:43:39.658Z] [hosting][hash queue][FINAL] {"max":96,"min":23,"avg":29.25,"active":0,"complete":44,"success":44,"errored":0,"retried":0,"total":44,"elapsed":105}
[debug] [2022-07-21T10:43:39.659Z] >>> [apiv2][query] POST https://firebasehosting.googleapis.com/v1beta1/projects/987136111898/sites/beit-midrash/versions/15dee0e7a47e1b3e:populateFiles [none]
[debug] [2022-07-21T10:43:39.659Z] >>> [apiv2][body] POST https://firebasehosting.googleapis.com/v1beta1/projects/987136111898/sites/beit-midrash/versions/15dee0e7a47e1b3e:populateFiles {"files":{"/109-es2017.a52ad592716f7ddc058f.js":"25c797974bd261d776883553a3b92d6851f2191659423055b3de52151f4cf3d4","/260-es2017.b86fc97bd63fd2e5962c.js":"91e47e8c583618728eef40bc41ae42fb90a4956bb2a4c31a95820c5d00af87fd","/260-es5.b86fc97bd63fd2e5962c.js":"111fdcf82474970f13936bd9945777f829effbcf0a583836a68e62f01cfe4646","/109-es5.a52ad592716f7ddc058f.js":"46bf81776b473a41e34165e7a0856bd9574faffb516042fabdb673d200121dca","/327-es2017.5f45b6f58c56a766ea4f.js":"4967ef9772b43b13dc7f9f26afc593789dfdc354eac2d2dcd910d46a78876a37","/327-es5.5f45b6f58c56a766ea4f.js":"789a6bcefd9187f050ccad5db74b859b785752023ab352708d62cc9a991a53cd","/592-es2017.13e341a9ed0cf7d45d13.js":"c6023f592e55be6460c83b06bb29a41380650ceda98eaf76121adad3596fb75c","/507-es2017.95d96465f651113469a8.js":"5d422ce3c44278faa15bc86875f1fd53d6cd4302af80e8a569dd101a0e8d1cf7","/507-es5.95d96465f651113469a8.js":"6f628527b808264af066f5123eca18e266edf33085f45d4ffa29be718b8be37b","/394-es2017.26102d1c55258320e1b8.js":"c8e7f3de4cfd553ab0022c22b49855cb75b005592b29dd3330838be8b4b8a08d","/592-es5.13e341a9ed0cf7d45d13.js":"22ad678dbeb6040a39e9dfd2a3e3630fa07944582185c2104a3f611690000d77","/394-es5.26102d1c55258320e1b8.js":"7d5aebf6b46cad4ac2d037c77dace9aa457ecede480fdfe21353b5e0c1d3646e","/796-es5.10360fb3e4270058e17c.js":"761c97871a125ab3d62d6316e9f84b2e8d22405ee84e8a6937f257d2dccba348","/3rdpartylicenses.txt":"6a079c72223742a5c7e31a45ce1194c9223c629e1a81eaf85848334af158892b","/981-es5.6bfbaf586b9e35e4f9d6.js":"42311cc2e7b7fe672296d7154021e6c1f96ee66e4132d4792d959827e73d44c6","/796-es2017.10360fb3e4270058e17c.js":"cd19397a25b995fdf1b5f174e0be0f9210514e8fae862948600f087fc8d0092b","/981-es2017.6bfbaf586b9e35e4f9d6.js":"605c80cded8f79a6f9b5bca2ecde1235ba93941056952da3f1516375ccf1bbfb","/favicon.ico":"a2aee5309d0b59b9b66384ccc3969a07fab1b320d0bf76f1b25047a051d7f774","/index.html":"583a6c12478723a57ab4fbc0e676f504348c5a553901f06d770948b7dd75e929","/color.6441e63a57ccc5105bad.png":"41fc06312d0bbd6146e906ee8e60702eca6a0df62e34f1b6c4176120e4ce524d","/hue.f8505bd4d6f3e3aa435b.png":"569d2b8165f6cb9e0a66bdb245bde9937da48cc07300b1cdc21d822a465cd813","/StamAshkenazCLM.810a1bc5c06aac145e94.ttf":"879227abd52cda236b076b34fd993441970460c5e73bebc2871f9915e5a58f8a","/polyfills-es2017.e5c21133b3d6990c4608.js":"0981302d1732528095d3a416ba7010de97f78fc3bec4931679a0dbac2de1fd48","/runtime-es5.49a912702e4916868c7c.js":"b66111dac15c582b6813f3ce69754561875dca5393ad3288fa8beb3505833fe0","/runtime-es2017.49a912702e4916868c7c.js":"b5f835b8ac1cb784cd65bce97443e19d91660eed6a7f4cef8414fb713872130f","/assets/icon.ico":"63945fc8aa232354f168a22e76de79242d8da9b675f58c1876670ebc3ecf759b","/assets/font/StamAshkenazCLM.ttf":"879227abd52cda236b076b34fd993441970460c5e73bebc2871f9915e5a58f8a","/OpenSansHebrew-Bold.5ef117b3d8e874a8b93b.ttf":"11a92b5e94c5d3f56ace84a41e95637ffe476a2cb5f4104e8f1785896eab1f65","/OpenSansHebrew-Regular.dc71bbd9d1e333b1902a.ttf":"115e5cad56b77bcce904dc2d06e149794bab75213bf87a001bd4ecec9651e123","/primeicons.3a0d4a58da62cf7c55bb.ttf":"6aa04b1f9efc7ba0de4f717f4e89a534b01b40bb59f7b1e71c0232d7c45afe55","/assets/logo.jpeg":"35597b9a028e4e6ccac95cf816ae577a8b5cfa1c955796e895c7e3bdd6c6f19e","/assets/font/OpenSansHebrew-Bold.ttf":"11a92b5e94c5d3f56ace84a41e95637ffe476a2cb5f4104e8f1785896eab1f65","/assets/font/OpenSansHebrew-ExtraBold.ttf":"8111d4f8bb7520e9eb4abfa0b4f178a8ea3e7d654a141b595fb04d86ab27f3be","/assets/font/OpenSansHebrew-Regular.ttf":"115e5cad56b77bcce904dc2d06e149794bab75213bf87a001bd4ecec9651e123","/primeicons.dfbfef2de4bfb34e9722.eot":"f6403c608097dd51994f1dfcdedf749c434620a65d642c222e668da68a9a747f","/primeicons.e61f3495a7ecd3d571a4.woff":"f62d6aa7d5cdf83385990e73a3be79e28b0bd10ac638d6f651dfe91e35377b36","/sitemap.xml":"f387f79559da20be220c85eec09981b18edd837276e4fbd376ce8e19067d8c41","/908-es2017.1865163c44d9d17bf271.js":"779e397a351612246ace17b96f0dea15cf0e10fe146111a5a5b8484c9d52c967","/908-es5.1865163c44d9d17bf271.js":"3df4ffd47bdeb3d6f23c57f09a0bacdc650803b5fe48d9c733a619ef53c55f01","/polyfills-es5.ce252445169286e351a2.js":"41af4887d6f32121b0fcc7d92bac76eed0e945c7964884757d9e68738e613142","/styles.600335d1399766c83889.css":"5dfac104428d03f3d9f6a9c5fcdd077c14776e88974bf4a27642a029e323cd6e","/primeicons.c55d94a248721abbd220.svg":"e04a280fdb1f59468a1553242034bef11f449056d7d334fdd6e904a1ec05bf9b","/main-es2017.ecb5d8d1419dfa085fb4.js":"8bfc965dea77a58c1b7b0a4c9e97c967548af357fbb2b4d5eb8e4efe6ded1319","/main-es5.ecb5d8d1419dfa085fb4.js":"f7943dd4328e90d829d48d2f782a55eab3eb849ad76b0c63a9fba431deebcb51"}}
