[debug] [2022-03-28T12:48:40.393Z] ----------------------------------------------------------------------
[debug] [2022-03-28T12:48:40.395Z] Command:       /usr/local/bin/node /usr/local/bin/firebase deploy
[debug] [2022-03-28T12:48:40.395Z] CLI Version:   10.4.0
[debug] [2022-03-28T12:48:40.395Z] Platform:      darwin
[debug] [2022-03-28T12:48:40.395Z] Node Version:  v14.17.0
[debug] [2022-03-28T12:48:40.397Z] Time:          Mon Mar 28 2022 15:48:40 GMT+0300 (Eastern European Summer Time)
[debug] [2022-03-28T12:48:40.397Z] ----------------------------------------------------------------------
[debug] 
[debug] [2022-03-28T12:48:40.472Z] > command requires scopes: ["email","openid","https://www.googleapis.com/auth/cloudplatformprojects.readonly","https://www.googleapis.com/auth/firebase","https://www.googleapis.com/auth/cloud-platform"]
[debug] [2022-03-28T12:48:40.472Z] > authorizing via signed-in user (tvruiz3@gmail.com)
[debug] [2022-03-28T12:48:40.472Z] [iam] checking project beit-midrash for permissions ["firebase.projects.get","firebasehosting.sites.update"]
[debug] [2022-03-28T12:48:40.474Z] > refreshing access token with scopes: []
[debug] [2022-03-28T12:48:40.474Z] >>> HTTP REQUEST POST https://www.googleapis.com/oauth2/v3/token  
 <request body omitted>
[debug] [2022-03-28T12:48:40.762Z] <<< HTTP RESPONSE 200 {"date":"Mon, 28 Mar 2022 12:48:40 GMT","pragma":"no-cache","cache-control":"no-cache, no-store, max-age=0, must-revalidate","expires":"Mon, 01 Jan 1990 00:00:00 GMT","content-type":"application/json; charset=utf-8","vary":"X-Origin, Referer, Origin,Accept-Encoding","server":"scaffolding on HTTPServer2","x-xss-protection":"0","x-frame-options":"SAMEORIGIN","x-content-type-options":"nosniff","alt-svc":"h3=\":443\"; ma=2592000,h3-29=\":443\"; ma=2592000,h3-Q050=\":443\"; ma=2592000,h3-Q046=\":443\"; ma=2592000,h3-Q043=\":443\"; ma=2592000,quic=\":443\"; ma=2592000; v=\"46,43\"","accept-ranges":"none","transfer-encoding":"chunked"}
[debug] [2022-03-28T12:48:40.810Z] >>> [apiv2][query] POST https://cloudresourcemanager.googleapis.com/v1/projects/beit-midrash:testIamPermissions [none]
[debug] [2022-03-28T12:48:40.810Z] >>> [apiv2][body] POST https://cloudresourcemanager.googleapis.com/v1/projects/beit-midrash:testIamPermissions {"permissions":["firebase.projects.get","firebasehosting.sites.update"]}
[debug] [2022-03-28T12:48:41.258Z] <<< [apiv2][status] POST https://cloudresourcemanager.googleapis.com/v1/projects/beit-midrash:testIamPermissions 200
[debug] [2022-03-28T12:48:41.258Z] <<< [apiv2][body] POST https://cloudresourcemanager.googleapis.com/v1/projects/beit-midrash:testIamPermissions {"permissions":["firebase.projects.get","firebasehosting.sites.update"]}
[debug] [2022-03-28T12:48:41.259Z] >>> [apiv2][query] GET https://firebase.googleapis.com/v1beta1/projects/beit-midrash [none]
[debug] [2022-03-28T12:48:41.679Z] <<< [apiv2][status] GET https://firebase.googleapis.com/v1beta1/projects/beit-midrash 200
[debug] [2022-03-28T12:48:41.680Z] <<< [apiv2][body] GET https://firebase.googleapis.com/v1beta1/projects/beit-midrash {"projectId":"beit-midrash","projectNumber":"987136111898","displayName":"beit-midrash","name":"projects/beit-midrash","resources":{"hostingSite":"beit-midrash","realtimeDatabaseInstance":"beit-midrash-default-rtdb","storageBucket":"beit-midrash.appspot.com","locationId":"europe-west"},"state":"ACTIVE"}
[info] 
[info] === Deploying to 'beit-midrash'...
[info] 
[info] i  deploying hosting 
[debug] [2022-03-28T12:48:41.682Z] >>> [apiv2][query] GET https://firebase.googleapis.com/v1beta1/projects/beit-midrash [none]
[debug] [2022-03-28T12:48:42.159Z] <<< [apiv2][status] GET https://firebase.googleapis.com/v1beta1/projects/beit-midrash 200
[debug] [2022-03-28T12:48:42.159Z] <<< [apiv2][body] GET https://firebase.googleapis.com/v1beta1/projects/beit-midrash {"projectId":"beit-midrash","projectNumber":"987136111898","displayName":"beit-midrash","name":"projects/beit-midrash","resources":{"hostingSite":"beit-midrash","realtimeDatabaseInstance":"beit-midrash-default-rtdb","storageBucket":"beit-midrash.appspot.com","locationId":"europe-west"},"state":"ACTIVE"}
[debug] [2022-03-28T12:48:42.161Z] >>> [apiv2][query] POST https://firebasehosting.googleapis.com/v1beta1/projects/987136111898/sites/beit-midrash/versions [none]
[debug] [2022-03-28T12:48:42.161Z] >>> [apiv2][body] POST https://firebasehosting.googleapis.com/v1beta1/projects/987136111898/sites/beit-midrash/versions {"config":{"rewrites":[{"glob":"**","path":"/index.html"}]},"labels":{"deployment-tool":"cli-firebase"}}
[debug] [2022-03-28T12:48:43.683Z] <<< [apiv2][status] POST https://firebasehosting.googleapis.com/v1beta1/projects/987136111898/sites/beit-midrash/versions 200
[debug] [2022-03-28T12:48:43.684Z] <<< [apiv2][body] POST https://firebasehosting.googleapis.com/v1beta1/projects/987136111898/sites/beit-midrash/versions {"name":"projects/987136111898/sites/beit-midrash/versions/009a5f2fa0f80e11","status":"CREATED","config":{"rewrites":[{"glob":"**","path":"/index.html"}]},"labels":{"deployment-tool":"cli-firebase"}}
[info] i  hosting[beit-midrash]: beginning deploy... 
[info] i  hosting[beit-midrash]: found 23 files in dist/beit-midrash 
[debug] [2022-03-28T12:48:43.841Z] [hosting] hash cache [ZGlzdC9iZWl0LW1pZHJhc2g] stored for 23 files
[debug] [2022-03-28T12:48:43.842Z] [hosting][hash queue][FINAL] {"max":131,"min":28,"avg":41.04347826086956,"active":0,"complete":23,"success":23,"errored":0,"retried":0,"total":23,"elapsed":140}
[debug] [2022-03-28T12:48:43.842Z] >>> [apiv2][query] POST https://firebasehosting.googleapis.com/v1beta1/projects/987136111898/sites/beit-midrash/versions/009a5f2fa0f80e11:populateFiles [none]
[debug] [2022-03-28T12:48:43.842Z] >>> [apiv2][body] POST https://firebasehosting.googleapis.com/v1beta1/projects/987136111898/sites/beit-midrash/versions/009a5f2fa0f80e11:populateFiles {"files":{"/687-es2017.1dea4a3dbb893b26ea78.js":"066a5b68e37cf6b0610d710de58980f76fa2beb4effa777818ff38cf76a23e2b","/3rdpartylicenses.txt":"0282cb9cffff678db87b95f54d730e14af67fa9f649b51de7c885585f3592ba5","/favicon.ico":"a2aee5309d0b59b9b66384ccc3969a07fab1b320d0bf76f1b25047a051d7f774","/687-es5.1dea4a3dbb893b26ea78.js":"8a00f89f4e545ae833f0318ebbcf9467fcb74fc9ee35340af180da5b652c7052","/hue.f8505bd4d6f3e3aa435b.png":"569d2b8165f6cb9e0a66bdb245bde9937da48cc07300b1cdc21d822a465cd813","/color.6441e63a57ccc5105bad.png":"41fc06312d0bbd6146e906ee8e60702eca6a0df62e34f1b6c4176120e4ce524d","/index.html":"20d85c28b3b4e64e5f4b608fbd4b63bf3f7b3002d873129b1151b16293fa9269","/polyfills-es2017.e5c21133b3d6990c4608.js":"0981302d1732528095d3a416ba7010de97f78fc3bec4931679a0dbac2de1fd48","/runtime-es2017.d38fd0f76be8ad0511a5.js":"f4c6e41e78f61666eb57d11d81e991fba6f601d3fa03f48035c2e4f6a8009a18","/runtime-es5.d38fd0f76be8ad0511a5.js":"f3e17e527c6bb72449b06c0f3835dde2efe6ec224fa7d9bd56f85f48a947a3fe","/OpenSansHebrew-Bold.5ef117b3d8e874a8b93b.ttf":"11a92b5e94c5d3f56ace84a41e95637ffe476a2cb5f4104e8f1785896eab1f65","/OpenSansHebrew-Regular.dc71bbd9d1e333b1902a.ttf":"115e5cad56b77bcce904dc2d06e149794bab75213bf87a001bd4ecec9651e123","/primeicons.3a0d4a58da62cf7c55bb.ttf":"6aa04b1f9efc7ba0de4f717f4e89a534b01b40bb59f7b1e71c0232d7c45afe55","/primeicons.dfbfef2de4bfb34e9722.eot":"f6403c608097dd51994f1dfcdedf749c434620a65d642c222e668da68a9a747f","/primeicons.e61f3495a7ecd3d571a4.woff":"f62d6aa7d5cdf83385990e73a3be79e28b0bd10ac638d6f651dfe91e35377b36","/assets/font/OpenSansHebrew-Bold.ttf":"11a92b5e94c5d3f56ace84a41e95637ffe476a2cb5f4104e8f1785896eab1f65","/assets/font/OpenSansHebrew-ExtraBold.ttf":"8111d4f8bb7520e9eb4abfa0b4f178a8ea3e7d654a141b595fb04d86ab27f3be","/assets/font/OpenSansHebrew-Regular.ttf":"115e5cad56b77bcce904dc2d06e149794bab75213bf87a001bd4ecec9651e123","/polyfills-es5.f0ec4e5204820bce874c.js":"32d67680a9f8ee1a81eae43300508a63b4c12af97016a9925dea886500988919","/styles.2052b76e07bd7a065547.css":"598dc7834fe445b43d524aeb458264ff4460c019c3fef383b3280c6b48634e21","/primeicons.c55d94a248721abbd220.svg":"e04a280fdb1f59468a1553242034bef11f449056d7d334fdd6e904a1ec05bf9b","/main-es2017.1318858e07d899d011b0.js":"f392e77421078287e3c76a91db0a3255ff9c2bbf5c5f2c71f33eb2115dc7c833","/main-es5.1318858e07d899d011b0.js":"89c96e85e04b3e0988be3bb60034ba11b6822db2ae0eea36ef45540615b2ffa2"}}
