[debug] [2022-04-14T20:46:49.072Z] ----------------------------------------------------------------------
[debug] [2022-04-14T20:46:49.073Z] Command:       /usr/local/bin/node /usr/local/bin/firebase deploy
[debug] [2022-04-14T20:46:49.074Z] CLI Version:   10.6.0
[debug] [2022-04-14T20:46:49.074Z] Platform:      darwin
[debug] [2022-04-14T20:46:49.074Z] Node Version:  v14.17.0
[debug] [2022-04-14T20:46:49.076Z] Time:          Thu Apr 14 2022 23:46:49 GMT+0300 (Eastern European Summer Time)
[debug] [2022-04-14T20:46:49.076Z] ----------------------------------------------------------------------
[debug] 
[debug] [2022-04-14T20:46:49.139Z] > command requires scopes: ["email","openid","https://www.googleapis.com/auth/cloudplatformprojects.readonly","https://www.googleapis.com/auth/firebase","https://www.googleapis.com/auth/cloud-platform"]
[debug] [2022-04-14T20:46:49.139Z] > authorizing via signed-in user (tvruiz3@gmail.com)
[debug] [2022-04-14T20:46:49.139Z] [iam] checking project beit-midrash for permissions ["firebase.projects.get","firebasehosting.sites.update"]
[debug] [2022-04-14T20:46:49.140Z] > refreshing access token with scopes: []
[debug] [2022-04-14T20:46:49.141Z] >>> HTTP REQUEST POST https://www.googleapis.com/oauth2/v3/token  
 <request body omitted>
[debug] [2022-04-14T20:46:49.423Z] <<< HTTP RESPONSE 200 {"date":"Thu, 14 Apr 2022 20:46:49 GMT","pragma":"no-cache","cache-control":"no-cache, no-store, max-age=0, must-revalidate","expires":"Mon, 01 Jan 1990 00:00:00 GMT","content-type":"application/json; charset=utf-8","vary":"X-Origin, Referer, Origin,Accept-Encoding","server":"scaffolding on HTTPServer2","x-xss-protection":"0","x-frame-options":"SAMEORIGIN","x-content-type-options":"nosniff","alt-svc":"h3=\":443\"; ma=2592000,h3-29=\":443\"; ma=2592000,h3-Q050=\":443\"; ma=2592000,h3-Q046=\":443\"; ma=2592000,h3-Q043=\":443\"; ma=2592000,quic=\":443\"; ma=2592000; v=\"46,43\"","accept-ranges":"none","transfer-encoding":"chunked"}
[debug] [2022-04-14T20:46:49.471Z] >>> [apiv2][query] POST https://cloudresourcemanager.googleapis.com/v1/projects/beit-midrash:testIamPermissions [none]
[debug] [2022-04-14T20:46:49.472Z] >>> [apiv2][body] POST https://cloudresourcemanager.googleapis.com/v1/projects/beit-midrash:testIamPermissions {"permissions":["firebase.projects.get","firebasehosting.sites.update"]}
[debug] [2022-04-14T20:46:50.370Z] <<< [apiv2][status] POST https://cloudresourcemanager.googleapis.com/v1/projects/beit-midrash:testIamPermissions 200
[debug] [2022-04-14T20:46:50.371Z] <<< [apiv2][body] POST https://cloudresourcemanager.googleapis.com/v1/projects/beit-midrash:testIamPermissions {"permissions":["firebase.projects.get","firebasehosting.sites.update"]}
[debug] [2022-04-14T20:46:50.374Z] >>> [apiv2][query] GET https://firebase.googleapis.com/v1beta1/projects/beit-midrash [none]
[debug] [2022-04-14T20:46:50.810Z] <<< [apiv2][status] GET https://firebase.googleapis.com/v1beta1/projects/beit-midrash 200
[debug] [2022-04-14T20:46:50.810Z] <<< [apiv2][body] GET https://firebase.googleapis.com/v1beta1/projects/beit-midrash {"projectId":"beit-midrash","projectNumber":"987136111898","displayName":"beit-midrash","name":"projects/beit-midrash","resources":{"hostingSite":"beit-midrash","realtimeDatabaseInstance":"beit-midrash-default-rtdb","storageBucket":"beit-midrash.appspot.com","locationId":"europe-west"},"state":"ACTIVE"}
[info] 
[info] === Deploying to 'beit-midrash'...
[info] 
[info] i  deploying hosting 
[debug] [2022-04-14T20:46:50.812Z] >>> [apiv2][query] GET https://firebase.googleapis.com/v1beta1/projects/beit-midrash [none]
[debug] [2022-04-14T20:46:51.220Z] <<< [apiv2][status] GET https://firebase.googleapis.com/v1beta1/projects/beit-midrash 200
[debug] [2022-04-14T20:46:51.220Z] <<< [apiv2][body] GET https://firebase.googleapis.com/v1beta1/projects/beit-midrash {"projectId":"beit-midrash","projectNumber":"987136111898","displayName":"beit-midrash","name":"projects/beit-midrash","resources":{"hostingSite":"beit-midrash","realtimeDatabaseInstance":"beit-midrash-default-rtdb","storageBucket":"beit-midrash.appspot.com","locationId":"europe-west"},"state":"ACTIVE"}
[debug] [2022-04-14T20:46:51.222Z] >>> [apiv2][query] POST https://firebasehosting.googleapis.com/v1beta1/projects/987136111898/sites/beit-midrash/versions [none]
[debug] [2022-04-14T20:46:51.222Z] >>> [apiv2][body] POST https://firebasehosting.googleapis.com/v1beta1/projects/987136111898/sites/beit-midrash/versions {"config":{"rewrites":[{"glob":"**","path":"/index.html"}]},"labels":{"deployment-tool":"cli-firebase"}}
